{
  "RSpec": {
    "coverage": {
      "/Users/joshnickson/Projects/aneel/bookmark_manager/spec/bookmarks_spec.rb": [
        1,
        null,
        1,
        null,
        1,
        1,
        1,
        1,
        null,
        null,
        null,
        null,
        1,
        1,
        1,
        1,
        1,
        null,
        null,
        null,
        null
      ],
      "/Users/joshnickson/Projects/aneel/bookmark_manager/spec/features/bookmarks_spec.rb": [
        null,
        null,
        null,
        null,
        1,
        null,
        1,
        1,
        1,
        null,
        null,
        1,
        1,
        1,
        1,
        1,
        null,
        null,
        1,
        1,
        1,
        1,
        1,
        null,
        null,
        null
      ]
    },
    "timestamp": 1535643343
  }
}
